2021-12-03 19:01:09 - INFO - "GET / HTTP/1.1" 200 1219
2021-12-03 19:01:09 - INFO - "GET /static/style.css HTTP/1.1" 200 648
2021-12-03 19:09:27 - INFO - "GET / HTTP/1.1" 200 1219
2021-12-03 19:09:27 - INFO - "GET /static/style.css HTTP/1.1" 304 0
2021-12-03 19:09:27 - INFO - "GET /posts HTTP/1.1" 200 2
2021-12-03 19:11:50 - ERROR - InvalidCSRFToken in 0 on line 0
2021-12-03 19:11:50 - ERROR - "POST /posts HTTP/1.1" 500 965809
2021-12-03 19:13:10 - INFO - "POST /posts HTTP/1.1" 200 148
2021-12-03 19:13:10 - INFO - "GET /posts HTTP/1.1" 200 150
2021-12-03 19:13:10 - INFO - "GET /posts HTTP/1.1" 200 150
2021-12-03 19:13:10 - INFO - "POST /posts HTTP/1.1" 200 149
2021-12-03 19:13:10 - INFO - "GET /posts HTTP/1.1" 200 301
2021-12-03 19:13:10 - INFO - "GET /posts HTTP/1.1" 200 301
2021-12-03 19:13:10 - INFO - "POST /posts HTTP/1.1" 200 141
2021-12-03 19:13:10 - INFO - "GET /posts HTTP/1.1" 200 444
2021-12-03 19:14:50 - INFO - "GET /posts/1 HTTP/1.1" 200 150
2021-12-03 19:16:56 - INFO - "GET /posts HTTP/1.1" 200 444
2021-12-03 19:16:56 - INFO - "GET /posts HTTP/1.1" 200 444
2021-12-03 19:16:56 - INFO - "PUT /posts/3 HTTP/1.1" 200 151
2021-12-03 19:16:56 - INFO - "GET /posts HTTP/1.1" 200 452
2021-12-03 19:18:50 - WARNING - "DELETE /posts/3 HTTP/1.1" 404 1536
2021-12-03 19:18:50 - WARNING - "DELETE /posts/3 HTTP/1.1" 404 1536
2021-12-03 19:19:28 - INFO - "DELETE /posts/3 HTTP/1.1" 200 151
2021-12-03 19:19:28 - INFO - "GET /posts HTTP/1.1" 200 301
2021-12-03 19:42:29 - INFO - "GET / HTTP/1.1" 200 1219
2021-12-03 19:42:29 - INFO - "GET /static/style.css HTTP/1.1" 304 0
2021-12-03 19:42:29 - INFO - "GET /posts HTTP/1.1" 200 698
